# JRE version: OpenJDK Runtime Environment (11.0.13) (build 11.0.13+0-b1751.21-8125866)
# Java VM: OpenJDK 64-Bit Server VM (11.0.13+0-b1751.21-8125866, mixed mode, tiered, compressed oops, g1 gc, windows-amd64)
Heap:
 garbage-first heap   total 157696K, used 130274K [0x0000000080000000, 0x0000000100000000)
  region size 1024K, 17 young (17408K), 1 survivors (1024K)
 Metaspace       used 90155K, capacity 92349K, committed 92524K, reserved 1130496K
  class space    used 11411K, capacity 12243K, committed 12288K, reserved 1048576K
GC Heap History (20 events):
Event: 77.500 GC heap before
{Heap before GC invocations=74 (full 0):
 garbage-first heap   total 157696K, used 135600K [0x0000000080000000, 0x0000000100000000)
  region size 1024K, 8 young (8192K), 1 survivors (1024K)
 Metaspace       used 89834K, capacity 92029K, committed 92268K, reserved 1130496K
  class space    used 11385K, capacity 12203K, committed 12288K, reserved 1048576K
}
Event: 77.502 GC heap after
{Heap after GC invocations=75 (full 0):
 garbage-first heap   total 157696K, used 129636K [0x0000000080000000, 0x0000000100000000)
  region size 1024K, 1 young (1024K), 1 survivors (1024K)
 Metaspace       used 89834K, capacity 92029K, committed 92268K, reserved 1130496K
  class space    used 11385K, capacity 12203K, committed 12288K, reserved 1048576K
}
Event: 80.740 GC heap before
{Heap before GC invocations=76 (full 0):
 garbage-first heap   total 157696K, used 136804K [0x0000000080000000, 0x0000000100000000)
  region size 1024K, 8 young (8192K), 1 survivors (1024K)
 Metaspace       used 89919K, capacity 92098K, committed 92268K, reserved 1130496K
  class space    used 11386K, capacity 12203K, committed 12288K, reserved 1048576K
}
Event: 80.743 GC heap after
{Heap after GC invocations=77 (full 0):
 garbage-first heap   total 157696K, used 129538K [0x0000000080000000, 0x0000000100000000)
  region size 1024K, 1 young (1024K), 1 survivors (1024K)
 Metaspace       used 89919K, capacity 92098K, committed 92268K, reserved 1130496K
  class space    used 11386K, capacity 12203K, committed 12288K, reserved 1048576K
}
Event: 80.839 GC heap before
{Heap before GC invocations=77 (full 0):
 garbage-first heap   total 157696K, used 134658K [0x0000000080000000, 0x0000000100000000)
  region size 1024K, 7 young (7168K), 1 survivors (1024K)
 Metaspace       used 89971K, capacity 92230K, committed 92524K, reserved 1130496K
  class space    used 11396K, capacity 12205K, committed 12288K, reserved 1048576K
}
Event: 80.849 GC heap after
{Heap after GC invocations=78 (full 0):
 garbage-first heap   total 157696K, used 121219K [0x0000000080000000, 0x0000000100000000)
  region size 1024K, 1 young (1024K), 1 survivors (1024K)
 Metaspace       used 89971K, capacity 92230K, committed 92524K, reserved 1130496K
  class space    used 11396K, capacity 12205K, committed 12288K, reserved 1048576K
}
Event: 80.997 GC heap before
{Heap before GC invocations=78 (full 0):
 garbage-first heap   total 157696K, used 132483K [0x0000000080000000, 0x0000000100000000)
  region size 1024K, 13 young (13312K), 1 survivors (1024K)
 Metaspace       used 89971K, capacity 92230K, committed 92524K, reserved 1130496K
  class space    used 11396K, capacity 12205K, committed 12288K, reserved 1048576K
}
Event: 81.000 GC heap after
{Heap after GC invocations=79 (full 0):
 garbage-first heap   total 157696K, used 121375K [0x0000000080000000, 0x0000000100000000)
  region size 1024K, 1 young (1024K), 1 survivors (1024K)
 Metaspace       used 89971K, capacity 92230K, committed 92524K, reserved 1130496K
  class space    used 11396K, capacity 12205K, committed 12288K, reserved 1048576K
}
Event: 81.428 GC heap before
{Heap before GC invocations=80 (full 0):
 garbage-first heap   total 157696K, used 137759K [0x0000000080000000, 0x0000000100000000)
  region size 1024K, 14 young (14336K), 1 survivors (1024K)
 Metaspace       used 89992K, capacity 92232K, committed 92524K, reserved 1130496K
  class space    used 11398K, capacity 12206K, committed 12288K, reserved 1048576K
}
Event: 81.433 GC heap after
{Heap after GC invocations=81 (full 0):
 garbage-first heap   total 157696K, used 122601K [0x0000000080000000, 0x0000000100000000)
  region size 1024K, 2 young (2048K), 2 survivors (2048K)
 Metaspace       used 89992K, capacity 92232K, committed 92524K, reserved 1130496K
  class space    used 11398K, capacity 12206K, committed 12288K, reserved 1048576K
}
Event: 81.477 GC heap before
{Heap before GC invocations=81 (full 0):
 garbage-first heap   total 157696K, used 126697K [0x0000000080000000, 0x0000000100000000)
  region size 1024K, 7 young (7168K), 2 survivors (2048K)
 Metaspace       used 90009K, capacity 92267K, committed 92524K, reserved 1130496K
  class space    used 11400K, capacity 12239K, committed 12288K, reserved 1048576K
}
Event: 81.482 GC heap after
{Heap after GC invocations=82 (full 0):
 garbage-first heap   total 157696K, used 116552K [0x0000000080000000, 0x0000000100000000)
  region size 1024K, 1 young (1024K), 1 survivors (1024K)
 Metaspace       used 90009K, capacity 92267K, committed 92524K, reserved 1130496K
  class space    used 11400K, capacity 12239K, committed 12288K, reserved 1048576K
}
Event: 81.567 GC heap before
{Heap before GC invocations=82 (full 0):
 garbage-first heap   total 157696K, used 130888K [0x0000000080000000, 0x0000000100000000)
  region size 1024K, 16 young (16384K), 1 survivors (1024K)
 Metaspace       used 90009K, capacity 92267K, committed 92524K, reserved 1130496K
  class space    used 11400K, capacity 12239K, committed 12288K, reserved 1048576K
}
Event: 81.571 GC heap after
{Heap after GC invocations=83 (full 0):
 garbage-first heap   total 157696K, used 116866K [0x0000000080000000, 0x0000000100000000)
  region size 1024K, 1 young (1024K), 1 survivors (1024K)
 Metaspace       used 90009K, capacity 92267K, committed 92524K, reserved 1130496K
  class space    used 11400K, capacity 12239K, committed 12288K, reserved 1048576K
}
Event: 81.748 GC heap before
{Heap before GC invocations=83 (full 0):
 garbage-first heap   total 157696K, used 132226K [0x0000000080000000, 0x0000000100000000)
  region size 1024K, 17 young (17408K), 1 survivors (1024K)
 Metaspace       used 90010K, capacity 92267K, committed 92524K, reserved 1130496K
  class space    used 11400K, capacity 12239K, committed 12288K, reserved 1048576K
}
Event: 81.751 GC heap after
{Heap after GC invocations=84 (full 0):
 garbage-first heap   total 157696K, used 117084K [0x0000000080000000, 0x0000000100000000)
  region size 1024K, 1 young (1024K), 1 survivors (1024K)
 Metaspace       used 90010K, capacity 92267K, committed 92524K, reserved 1130496K
  class space    used 11400K, capacity 12239K, committed 12288K, reserved 1048576K
}
Event: 83.320 GC heap before
{Heap before GC invocations=85 (full 0):
 garbage-first heap   total 157696K, used 133468K [0x0000000080000000, 0x0000000100000000)
  region size 1024K, 17 young (17408K), 1 survivors (1024K)
 Metaspace       used 90123K, capacity 92343K, committed 92524K, reserved 1130496K
  class space    used 11407K, capacity 12242K, committed 12288K, reserved 1048576K
}
Event: 83.325 GC heap after
{Heap after GC invocations=86 (full 0):
 garbage-first heap   total 157696K, used 116845K [0x0000000080000000, 0x0000000100000000)
  region size 1024K, 3 young (3072K), 3 survivors (3072K)
 Metaspace       used 90123K, capacity 92343K, committed 92524K, reserved 1130496K
  class space    used 11407K, capacity 12242K, committed 12288K, reserved 1048576K
}
Event: 83.351 GC heap before
{Heap before GC invocations=86 (full 0):
 garbage-first heap   total 157696K, used 120941K [0x0000000080000000, 0x0000000100000000)
  region size 1024K, 7 young (7168K), 3 survivors (3072K)
 Metaspace       used 90130K, capacity 92349K, committed 92524K, reserved 1130496K
  class space    used 11408K, capacity 12243K, committed 12288K, reserved 1048576K
}
Event: 83.360 GC heap after
{Heap after GC invocations=87 (full 0):
 garbage-first heap   total 157696K, used 114914K [0x0000000080000000, 0x0000000100000000)
  region size 1024K, 1 young (1024K), 1 survivors (1024K)
 Metaspace       used 90130K, capacity 92349K, committed 92524K, reserved 1130496K
  class space    used 11408K, capacity 12243K, committed 12288K, reserved 1048576K
}

